<?xml version="1.0" encoding="UTF-8"?>
<!-- Generated by org.testng.reporters.JUnitReportReporter -->
<testsuite hostname="NAMITA" failures="0" tests="2" name="cucumberOption.SauseRunner" time="14.324" errors="0" timestamp="2024-11-24T22:36:37 IST" skipped="0">
  <testcase classname="cucumberOption.SauseRunner" name="runScenario" time="7.507"/>
  <testcase classname="cucumberOption.SauseRunner" name="runScenario" time="6.817"/>
</testsuite> <!-- cucumberOption.SauseRunner -->
